<?xml version="1.0" encoding="UTF-8"?>
<testng-results skipped="0" failed="0" total="1" passed="1">
  <reporter-output>
  </reporter-output>
  <suite name="Default suite" duration-ms="3531" started-at="2020-06-28T14:33:26Z" finished-at="2020-06-28T14:33:29Z">
    <groups>
    </groups>
    <test name="Default test" duration-ms="3531" started-at="2020-06-28T14:33:26Z" finished-at="2020-06-28T14:33:29Z">
      <class name="TestCases.API_Test">
        <test-method status="PASS" signature="GetWeatherDetails()[pri:0, instance:TestCases.API_Test@818063]" name="GetWeatherDetails" duration-ms="3518" started-at="2020-06-28T20:03:26Z" finished-at="2020-06-28T20:03:29Z">
          <reporter-output>
          </reporter-output>
        </test-method> <!-- GetWeatherDetails -->
      </class> <!-- TestCases.API_Test -->
    </test> <!-- Default test -->
  </suite> <!-- Default suite -->
</testng-results>
